21/06/2022 09:30:08.659 INFO  [main] com.phunghung29.securitydemo.SecuritydemoApplication - Starting SecuritydemoApplication using Java 18.0.1 on BSPC061 with PID 14172 (D:\MyProject\Java\securitydemo\target\classes started by hung.phung in D:\MyProject\Java\securitydemo)
21/06/2022 09:30:08.677 INFO  [main] com.phunghung29.securitydemo.SecuritydemoApplication - No active profile set, falling back to 1 default profile: "default"
21/06/2022 09:30:10.316 INFO  [main] org.springframework.data.repository.config.RepositoryConfigurationDelegate - Bootstrapping Spring Data JPA repositories in DEFAULT mode.
21/06/2022 09:30:10.447 INFO  [main] org.springframework.data.repository.config.RepositoryConfigurationDelegate - Finished Spring Data repository scanning in 112 ms. Found 2 JPA repository interfaces.
21/06/2022 09:30:11.830 INFO  [main] org.springframework.boot.web.embedded.tomcat.TomcatWebServer - Tomcat initialized with port(s): 8080 (http)
21/06/2022 09:30:11.850 INFO  [main] org.apache.catalina.core.StandardService - Starting service [Tomcat]
21/06/2022 09:30:11.850 INFO  [main] org.apache.catalina.core.StandardEngine - Starting Servlet engine: [Apache Tomcat/9.0.63]
21/06/2022 09:30:12.113 INFO  [main] org.apache.catalina.core.ContainerBase.[Tomcat].[localhost].[/] - Initializing Spring embedded WebApplicationContext
21/06/2022 09:30:12.113 INFO  [main] org.springframework.boot.web.servlet.context.ServletWebServerApplicationContext - Root WebApplicationContext: initialization completed in 3294 ms
21/06/2022 09:30:12.574 INFO  [main] org.hibernate.jpa.internal.util.LogHelper - HHH000204: Processing PersistenceUnitInfo [name: default]
21/06/2022 09:30:12.855 INFO  [main] org.hibernate.Version - HHH000412: Hibernate ORM core version 5.6.9.Final
21/06/2022 09:30:13.665 INFO  [main] org.hibernate.annotations.common.Version - HCANN000001: Hibernate Commons Annotations {5.1.2.Final}
21/06/2022 09:30:14.100 INFO  [main] com.zaxxer.hikari.HikariDataSource - HikariPool-1 - Starting...
21/06/2022 09:30:14.544 INFO  [main] com.zaxxer.hikari.HikariDataSource - HikariPool-1 - Start completed.
21/06/2022 09:30:14.609 INFO  [main] org.hibernate.dialect.Dialect - HHH000400: Using dialect: org.hibernate.dialect.PostgreSQL10Dialect
21/06/2022 09:30:15.486 WARN  [main] org.hibernate.engine.jdbc.spi.SqlExceptionHelper - SQL Warning Code: 0, SQLState: 00000
21/06/2022 09:30:15.486 WARN  [main] org.hibernate.engine.jdbc.spi.SqlExceptionHelper - relation "users" does not exist, skipping
21/06/2022 09:30:15.487 WARN  [main] org.hibernate.engine.jdbc.spi.SqlExceptionHelper - SQL Warning Code: 0, SQLState: 00000
21/06/2022 09:30:15.488 WARN  [main] org.hibernate.engine.jdbc.spi.SqlExceptionHelper - table "roles" does not exist, skipping
21/06/2022 09:30:15.489 WARN  [main] org.hibernate.engine.jdbc.spi.SqlExceptionHelper - SQL Warning Code: 0, SQLState: 00000
21/06/2022 09:30:15.490 WARN  [main] org.hibernate.engine.jdbc.spi.SqlExceptionHelper - table "users" does not exist, skipping
21/06/2022 09:30:15.581 INFO  [main] org.hibernate.engine.transaction.jta.platform.internal.JtaPlatformInitiator - HHH000490: Using JtaPlatform implementation: [org.hibernate.engine.transaction.jta.platform.internal.NoJtaPlatform]
21/06/2022 09:30:15.591 INFO  [main] org.springframework.orm.jpa.LocalContainerEntityManagerFactoryBean - Initialized JPA EntityManagerFactory for persistence unit 'default'
21/06/2022 09:30:16.719 WARN  [main] org.springframework.boot.autoconfigure.orm.jpa.JpaBaseConfiguration$JpaWebConfiguration - spring.jpa.open-in-view is enabled by default. Therefore, database queries may be performed during view rendering. Explicitly configure spring.jpa.open-in-view to disable this warning
21/06/2022 09:30:17.624 INFO  [main] org.springframework.security.web.DefaultSecurityFilterChain - Will secure any request with [org.springframework.security.web.session.DisableEncodeUrlFilter@5cb6abc8, org.springframework.security.web.context.request.async.WebAsyncManagerIntegrationFilter@20e48e63, org.springframework.security.web.context.SecurityContextPersistenceFilter@440461ef, org.springframework.security.web.header.HeaderWriterFilter@a2fb8a5, org.springframework.web.filter.CorsFilter@6d7677d8, org.springframework.security.web.authentication.logout.LogoutFilter@328e50eb, com.phunghung29.securitydemo.filter.jwt.JwtHandlerFilter@6705b763, org.springframework.security.web.savedrequest.RequestCacheAwareFilter@49c13ecd, org.springframework.security.web.servletapi.SecurityContextHolderAwareRequestFilter@69cc49ec, org.springframework.security.web.authentication.AnonymousAuthenticationFilter@e04b8a0, org.springframework.security.web.session.SessionManagementFilter@43fbc2bf, org.springframework.security.web.access.ExceptionTranslationFilter@6a299b9d, org.springframework.security.web.access.intercept.FilterSecurityInterceptor@67a3dd86]
21/06/2022 09:30:19.437 INFO  [main] org.springframework.boot.web.embedded.tomcat.TomcatWebServer - Tomcat started on port(s): 8080 (http) with context path ''
21/06/2022 09:30:19.448 INFO  [main] com.phunghung29.securitydemo.SecuritydemoApplication - Started SecuritydemoApplication in 11.415 seconds (JVM running for 12.369)
21/06/2022 09:31:14.761 INFO  [http-nio-8080-exec-2] org.apache.catalina.core.ContainerBase.[Tomcat].[localhost].[/] - Initializing Spring DispatcherServlet 'dispatcherServlet'
21/06/2022 09:31:14.761 INFO  [http-nio-8080-exec-2] org.springframework.web.servlet.DispatcherServlet - Initializing Servlet 'dispatcherServlet'
21/06/2022 09:31:14.762 INFO  [http-nio-8080-exec-2] org.springframework.web.servlet.DispatcherServlet - Completed initialization in 1 ms
21/06/2022 09:32:00.996 INFO  [SpringApplicationShutdownHook] org.springframework.orm.jpa.LocalContainerEntityManagerFactoryBean - Closing JPA EntityManagerFactory for persistence unit 'default'
21/06/2022 09:32:00.997 INFO  [SpringApplicationShutdownHook] org.hibernate.tool.schema.internal.SchemaDropperImpl$DelayedDropActionImpl - HHH000477: Starting delayed evictData of schema as part of SessionFactory shut-down'
21/06/2022 09:32:01.021 INFO  [SpringApplicationShutdownHook] com.zaxxer.hikari.HikariDataSource - HikariPool-1 - Shutdown initiated...
21/06/2022 09:32:01.045 INFO  [SpringApplicationShutdownHook] com.zaxxer.hikari.HikariDataSource - HikariPool-1 - Shutdown completed.
